\BOOKMARK [0][-]{chapter.1}{\376\377\000C\000a\000d\000r\000e\000\040\000g\000\351\000n\000\351\000r\000a\000l\000e\000\040\000d\000u\000\040\000p\000r\000o\000j\000e\000t\000\040}{}% 1
\BOOKMARK [1][-]{section.1.1}{\376\377\000I\000n\000t\000r\000o\000d\000u\000c\000t\000i\000o\000n\000\040\000:\000\040}{chapter.1}% 2
\BOOKMARK [1][-]{section.1.2}{\376\377\000P\000r\000\351\000s\000e\000n\000t\000a\000t\000i\000o\000n\000\040\000d\000u\000\040\000p\000r\000o\000j\000e\000t\000:\000\040}{chapter.1}% 3
\BOOKMARK [1][-]{section.1.3}{\376\377\000E\000t\000u\000d\000e\000\040\000e\000t\000\040\000c\000r\000i\000t\000i\000q\000u\000e\000\040\000d\000e\000\040\000l\000'\000e\000x\000i\000s\000t\000a\000n\000t\000\040\000:\000\040}{chapter.1}% 4
\BOOKMARK [2][-]{subsection.1.3.1}{\376\377\000E\000t\000u\000d\000e\000\040\000d\000e\000\040\000l\000'\000e\000x\000i\000s\000t\000a\000n\000t\000\040\000:}{section.1.3}% 5
\BOOKMARK [2][-]{subsection.1.3.2}{\376\377\000C\000r\000i\000t\000i\000q\000u\000e\000\040\000d\000e\000\040\000l\000'\000e\000x\000i\000s\000t\000a\000n\000t}{section.1.3}% 6
\BOOKMARK [1][-]{section.1.4}{\376\377\000S\000o\000l\000u\000t\000i\000o\000n\000\040\000P\000r\000o\000p\000o\000s\000\351\000e\000\040\000e\000t\000\040\000o\000b\000j\000e\000c\000t\000i\000f\000s\000\040\000v\000i\000s\000\351\000s\000\040\000:\000\040}{chapter.1}% 7
\BOOKMARK [1][-]{section.1.5}{\376\377\000M\000\351\000t\000h\000o\000d\000e\000\040\000a\000d\000o\000p\000t\000\351\000e\000\040\000:\000\040}{chapter.1}% 8
\BOOKMARK [2][-]{subsection.1.5.1}{\376\377\000C\000h\000o\000i\000x\000\040\000d\000e\000\040\000l\000a\000\040\000m\000\351\000t\000h\000o\000d\000e\000\040\000e\000t\000\040\000p\000r\000\351\000s\000e\000n\000t\000a\000t\000i\000o\000n\000\040\000d\000e\000\040\000S\000c\000r\000u\000m\000\040\000:}{section.1.5}% 9
\BOOKMARK [2][-]{subsection.1.5.2}{\376\377\000R\000\364\000l\000e\000\040\000d\000e\000\040\000S\000c\000r\000u\000m\000\040\000:\000\040}{section.1.5}% 10
\BOOKMARK [2][-]{subsection.1.5.3}{\376\377\000F\000o\000n\000c\000t\000i\000o\000n\000n\000e\000m\000e\000n\000t\000\040\000d\000e\000\040\000S\000c\000r\000u\000m\000\040\000:\000\040}{section.1.5}% 11
\BOOKMARK [2][-]{subsection.1.5.4}{\376\377\000C\000o\000n\000c\000l\000u\000s\000i\000o\000n}{section.1.5}% 12
\BOOKMARK [0][-]{chapter.2}{\376\377\000\040\000S\000P\000R\000I\000N\000T\000\040\0000\000\040\000:\000\040\000E\000X\000P\000R\000E\000S\000S\000I\000O\000N\000\040\000D\000E\000S\000\040\000B\000E\000S\000O\000I\000N\000S\000\040\000E\000T\000\040\000\311\000T\000U\000D\000E\000\040\000T\000E\000C\000H\000N\000I\000Q\000U\000E\000\040}{}% 13
\BOOKMARK [1][-]{section.2.6}{\376\377\000I\000n\000t\000r\000o\000d\000u\000c\000t\000i\000o\000n}{chapter.2}% 14
\BOOKMARK [1][-]{section.2.7}{\376\377\000I\000d\000e\000n\000t\000i\000f\000i\000c\000a\000t\000i\000o\000n\000\040\000d\000e\000s\000\040\000B\000e\000s\000o\000i\000n\000s}{chapter.2}% 15
\BOOKMARK [2][-]{subsection.2.7.1}{\376\377\000I\000d\000e\000n\000t\000i\000f\000i\000c\000a\000t\000i\000o\000n\000\040\000d\000e\000s\000\040\000A\000c\000t\000e\000u\000r\000s}{section.2.7}% 16
\BOOKMARK [2][-]{subsection.2.7.2}{\376\377\000B\000e\000s\000o\000i\000n\000s\000\040\000F\000o\000n\000c\000t\000i\000o\000n\000n\000e\000l\000s}{section.2.7}% 17
\BOOKMARK [2][-]{subsection.2.7.3}{\376\377\000B\000e\000s\000o\000i\000n\000s\000\040\000n\000o\000n\000\040\000f\000o\000n\000c\000t\000i\000o\000n\000n\000e\000l\000s\000\040\000:}{section.2.7}% 18
\BOOKMARK [2][-]{subsection.2.7.4}{\376\377\000B\000e\000s\000o\000i\000n\000s\000\040\000d\000\351\000c\000i\000s\000i\000o\000n\000n\000e\000l\000s\000\040\000:}{section.2.7}% 19
\BOOKMARK [2][-]{subsection.2.7.5}{\376\377\000D\000i\000a\000g\000r\000a\000m\000m\000e\000\040\000d\000e\000\040\000C\000a\000s\000\040\000d\000'\000u\000t\000i\000l\000i\000s\000a\000t\000i\000o\000n\000\040\000G\000l\000o\000b\000a\000l\000e}{section.2.7}% 20
\BOOKMARK [1][-]{section.2.8}{\376\377\000P\000i\000l\000o\000t\000a\000g\000e\000\040\000d\000u\000\040\000p\000r\000o\000j\000e\000t\000\040\000a\000v\000e\000c\000\040\000S\000C\000R\000U\000M}{chapter.2}% 21
\BOOKMARK [2][-]{subsection.2.8.1}{\376\377\000E\000q\000u\000i\000p\000e\000s\000\040\000e\000t\000\040\000R\000\364\000l\000e\000s\000\040}{section.2.8}% 22
\BOOKMARK [2][-]{subsection.2.8.2}{\376\377\000P\000r\000o\000d\000u\000c\000t\000\040\000B\000a\000c\000k\000l\000o\000g}{section.2.8}% 23
\BOOKMARK [2][-]{subsection.2.8.3}{\376\377\000P\000l\000a\000n\000i\000f\000i\000c\000a\000t\000i\000o\000n\000\040\000d\000e\000s\000\040\000S\000p\000r\000i\000n\000t\000s}{section.2.8}% 24
\BOOKMARK [1][-]{section.2.9}{\376\377\000E\000n\000v\000i\000r\000o\000n\000n\000e\000m\000e\000n\000t\000\040\000d\000e\000\040\000d\000\351\000v\000e\000l\000o\000p\000p\000e\000m\000e\000n\000t\000\040\000e\000t\000\040\000c\000h\000o\000i\000x\000\040\000t\000e\000c\000h\000n\000i\000q\000u\000e\000s}{chapter.2}% 25
\BOOKMARK [2][-]{subsection.2.9.1}{\376\377\000E\000n\000v\000i\000r\000o\000n\000n\000e\000m\000e\000n\000t\000\040\000m\000a\000t\000\351\000r\000i\000e\000l}{section.2.9}% 26
\BOOKMARK [1][-]{section.2.10}{\376\377\000O\000r\000g\000a\000n\000i\000s\000a\000t\000i\000o\000n\000\040\000a\000r\000c\000h\000i\000t\000e\000c\000t\000u\000r\000a\000l\000e\000\040\000d\000e\000\040\000l\040\031\000a\000p\000p\000l\000i\000c\000a\000t\000i\000o\000n}{chapter.2}% 27
\BOOKMARK [2][-]{subsection.2.10.1}{\376\377\000A\000d\000o\000p\000t\000i\000o\000n\000\040\000d\000u\000\040\000p\000a\000t\000t\000e\000r\000n\000\040\000M\000V\000C}{section.2.10}% 28
\BOOKMARK [2][-]{subsection.2.10.2}{\376\377\000S\000t\000r\000u\000c\000t\000u\000r\000e\000\040\000M\000V\000C\000\040\000e\000t\000\040\000i\000l\000l\000u\000s\000t\000r\000a\000t\000i\000o\000n}{section.2.10}% 29
\BOOKMARK [2][-]{subsection.2.10.3}{\376\377\000C\000a\000r\000t\000o\000g\000r\000a\000p\000h\000i\000e\000\040\000d\000e\000\040\000d\000\351\000p\000l\000o\000i\000e\000m\000e\000n\000t\000\040\000d\000e\000\040\000l\040\031\000i\000n\000f\000r\000a\000s\000t\000r\000u\000c\000t\000u\000r\000e}{section.2.10}% 30
\BOOKMARK [1][-]{section.2.11}{\376\377\000C\000o\000n\000c\000l\000u\000s\000i\000o\000n}{chapter.2}% 31
\BOOKMARK [0][-]{chapter.3}{\376\377\000S\000p\000r\000i\000n\000t\000\040\0001\000\040\040\023\000\040\000S\000c\000r\000a\000p\000p\000i\000n\000g\000\040\000d\000e\000s\000\040\000D\000o\000n\000n\000\351\000e\000s}{}% 32
\BOOKMARK [0][-]{chapter.3}{\376\377\000C\000h\000a\000p\000i\000t\000r\000e\000\040\0003\000\040\000S\000p\000r\000i\000n\000t\000\040\0001\000\040\040\023\000\040\000S\000c\000r\000a\000p\000p\000i\000n\000g\000\040\000d\000e\000s\000\040\000D\000o\000n\000n\000\351\000e\000s}{}% 33
\BOOKMARK [1][-]{section.3.1}{\376\377\000I\000n\000t\000r\000o\000d\000u\000c\000t\000i\000o\000n}{chapter.3}% 34
\BOOKMARK [1][-]{section.3.2}{\376\377\000C\000o\000l\000l\000e\000c\000t\000e\000\040\000d\000e\000s\000\040\000d\000o\000n\000n\000\351\000e\000s\000\040\000d\000e\000\040\000C\000o\000n\000s\000o\000m\000m\000a\000t\000i\000o\000n\000\040\000O\000L\000A\000\040\000E\000n\000e\000r\000g\000y}{chapter.3}% 35
\BOOKMARK [1][-]{section.3.3}{\376\377\000A\000n\000a\000l\000y\000s\000e\000\040\000T\000e\000c\000h\000n\000i\000q\000u\000e\000\040\000e\000t\000\040\000A\000u\000t\000o\000m\000a\000t\000i\000s\000a\000t\000i\000o\000n\000\040\000d\000u\000\040\000P\000i\000p\000e\000l\000i\000n\000e\000\040\000d\000e\000\040\000T\000r\000a\000i\000t\000e\000m\000e\000n\000t\000\040\000d\000e\000s\000\040\000D\000o\000n\000n\000\351\000e\000s}{chapter.3}% 36
\BOOKMARK [1][-]{section.3.4}{\376\377\000I\000n\000s\000e\000r\000t\000i\000o\000n\000\040\000d\000e\000s\000\040\000d\000o\000n\000n\000\351\000e\000s\000\040\000d\000a\000n\000s\000\040\000l\000a\000\040\000B\000a\000s\000e\000\040\000M\000o\000n\000g\000o\000D\000B}{chapter.3}% 37
\BOOKMARK [1][-]{section.3.5}{\376\377\000C\000l\000o\000n\000a\000g\000e\000\040\000s\000t\000r\000u\000c\000t\000u\000r\000\351\000\040\000d\000e\000\040\000l\000a\000\040\000C\000o\000l\000l\000e\000c\000t\000i\000o\000n\000\040\000v\000e\000r\000s\000\040\000M\000o\000d\000\350\000l\000e\000\040\000F\000i\000n\000a\000l}{chapter.3}% 38
\BOOKMARK [1][-]{section.3.6}{\376\377\000R\000\351\000s\000u\000l\000t\000a\000t\000s\000\040\000e\000t\000\040\000o\000b\000s\000e\000r\000v\000a\000t\000i\000o\000n\000s}{chapter.3}% 39
\BOOKMARK [1][-]{section.3.7}{\376\377\000C\000o\000n\000c\000l\000u\000s\000i\000o\000n}{chapter.3}% 40
\BOOKMARK [0][-]{chapter.4}{\376\377\000\311\000t\000u\000d\000e\000\040\000e\000t\000\040\000r\000\351\000a\000l\000i\000s\000a\000t\000i\000o\000n\000\040\000d\000u\000\040\000S\000p\000r\000i\000n\000t\000\040\0002}{}% 41
\BOOKMARK [0][-]{chapter.4}{\376\377\000C\000h\000a\000p\000i\000t\000r\000e\000\040\0004\000\040\000\311\000t\000u\000d\000e\000\040\000e\000t\000\040\000r\000\351\000a\000l\000i\000s\000a\000t\000i\000o\000n\000\040\000d\000u\000\040\000S\000p\000r\000i\000n\000t\000\040\0002}{}% 42
\BOOKMARK [1][-]{section.4.1}{\376\377\000I\000n\000t\000r\000o\000d\000u\000c\000t\000i\000o\000n}{chapter.4}% 43
\BOOKMARK [1][-]{section.4.2}{\376\377\000S\000p\000r\000i\000n\000t\000\040\000B\000a\000c\000k\000l\000o\000g}{chapter.4}% 44
\BOOKMARK [1][-]{section.4.3}{\376\377\000S\000p\000\351\000c\000i\000f\000i\000c\000a\000t\000i\000o\000n\000\040\000d\000e\000s\000\040\000b\000e\000s\000o\000i\000n\000s\000\040\000d\000u\000\040\000S\000p\000r\000i\000n\000t}{chapter.4}% 45
\BOOKMARK [2][-]{subsection.4.3.1}{\376\377\000D\000i\000a\000g\000r\000a\000m\000m\000e\000\040\000d\000e\000\040\000C\000a\000s\000\040\000d\000'\000u\000t\000i\000l\000i\000s\000a\000t\000i\000o\000n}{section.4.3}% 46
\BOOKMARK [2][-]{subsection.4.3.2}{\376\377\000\040\000D\000e\000s\000c\000r\000i\000p\000t\000i\000o\000n\000\040\000t\000e\000x\000t\000u\000e\000l\000l\000e\000\040\000d\000e\000s\000\040\000c\000a\000s\000\040\000d\040\031\000u\000t\000i\000l\000i\000s\000a\000t\000i\000o\000n\000s}{section.4.3}% 47
\BOOKMARK [2][-]{subsection.4.3.3}{\376\377\000M\000a\000q\000u\000e\000t\000t\000e\000s\000\040\000d\000e\000s\000\040\000I\000n\000t\000e\000r\000f\000a\000c\000e\000s}{section.4.3}% 48
\BOOKMARK [1][-]{section.4.4}{\376\377\000C\000o\000n\000c\000e\000p\000t\000i\000o\000n}{chapter.4}% 49
\BOOKMARK [2][-]{subsection.4.4.1}{\376\377\000D\000i\000a\000g\000r\000a\000m\000m\000e\000s\000\040\000d\000e\000\040\000s\000\351\000q\000u\000e\000n\000c\000e\000\040\000d\000u\000\040\000S\000p\000r\000i\000n\000t\000\040\0002}{section.4.4}% 50
\BOOKMARK [1][-]{section.4.5}{\376\377\000R\000\351\000a\000l\000i\000s\000a\000t\000i\000o\000n\000\040\000e\000t\000\040\000t\000e\000s\000t\000s}{chapter.4}% 51
\BOOKMARK [1][-]{section.4.6}{\376\377\000U\000t\000i\000l\000i\000s\000a\000t\000i\000o\000n\000\040\000d\000e\000s\000\040\000o\000u\000t\000i\000l\000s\000\040\000d\000e\000\040\000S\000c\000r\000u\000m}{chapter.4}% 52
\BOOKMARK [1][-]{section.4.7}{\376\377\000C\000o\000n\000c\000l\000u\000s\000i\000o\000n}{chapter.4}% 53
\BOOKMARK [0][-]{chapter.5}{\376\377\000\311\000t\000u\000d\000e\000\040\000e\000t\000\040\000r\000\351\000a\000l\000i\000s\000a\000t\000i\000o\000n\000\040\000d\000u\000\040\000S\000p\000r\000i\000n\000t\000\040\0003}{}% 54
\BOOKMARK [0][-]{chapter.5}{\376\377\000C\000h\000a\000p\000i\000t\000r\000e\000\040\0005\000\040\000\311\000t\000u\000d\000e\000\040\000e\000t\000\040\000r\000\351\000a\000l\000i\000s\000a\000t\000i\000o\000n\000\040\000d\000u\000\040\000S\000p\000r\000i\000n\000t\000\040\0003}{}% 55
\BOOKMARK [1][-]{section.5.1}{\376\377\000I\000n\000t\000r\000o\000d\000u\000c\000t\000i\000o\000n}{chapter.5}% 56
\BOOKMARK [1][-]{section.5.2}{\376\377\000S\000p\000r\000i\000n\000t\000\040\000B\000a\000c\000k\000l\000o\000g}{chapter.5}% 57
\BOOKMARK [1][-]{section.5.3}{\376\377\000S\000p\000\351\000c\000i\000f\000i\000c\000a\000t\000i\000o\000n\000\040\000d\000e\000s\000\040\000b\000e\000s\000o\000i\000n\000s\000\040\000d\000u\000\040\000S\000p\000r\000i\000n\000t\000\040\0003}{chapter.5}% 58
\BOOKMARK [2][-]{subsection.5.3.1}{\376\377\000D\000i\000a\000g\000r\000a\000m\000m\000e\000\040\000d\000e\000\040\000c\000a\000s\000\040\000d\040\031\000u\000t\000i\000l\000i\000s\000a\000t\000i\000o\000n\000\040\000S\000p\000r\000i\000n\000t\000\040\0003}{section.5.3}% 59
\BOOKMARK [2][-]{subsection.5.3.2}{\376\377\000D\000e\000s\000c\000r\000i\000p\000t\000i\000o\000n\000\040\000t\000e\000x\000t\000u\000e\000l\000l\000e\000\040\000d\000e\000s\000\040\000c\000a\000s\000\040\000d\000'\000u\000t\000i\000l\000i\000s\000a\000t\000i\000o\000n}{section.5.3}% 60
\BOOKMARK [2][-]{subsection.5.3.3}{\376\377\000M\000a\000q\000u\000e\000t\000t\000e\000\040\000d\000e\000s\000\040\000I\000n\000t\000e\000r\000f\000a\000c\000e\000s\000\040\000d\000u\000\040\000S\000p\000r\000i\000n\000t\000\040\0003}{section.5.3}% 61
\BOOKMARK [1][-]{section.5.4}{\376\377\000C\000o\000n\000c\000e\000p\000t\000i\000o\000n}{chapter.5}% 62
\BOOKMARK [2][-]{subsection.5.4.1}{\376\377\000D\000i\000a\000g\000r\000a\000m\000m\000e\000\040\000d\000e\000\040\000s\000\351\000q\000u\000e\000n\000c\000e\000\040\000d\000u\000\040\000S\000p\000r\000i\000n\000t\000\040\0003}{section.5.4}% 63
\BOOKMARK [2][-]{subsection.5.4.2}{\376\377\000D\000i\000a\000g\000r\000a\000m\000m\000e\000\040\000d\000e\000\040\000C\000l\000a\000s\000s\000e\000\040\000d\000e\000\040\000S\000p\000r\000i\000n\000t\000\040\0003}{section.5.4}% 64
\BOOKMARK [2][-]{subsection.5.4.3}{\376\377\000S\000c\000h\000\351\000m\000a\000\040\000d\000e\000\040\000l\000a\000\040\000b\000a\000s\000e\000\040\000d\000e\000\040\000d\000o\000n\000n\000\351\000e\000s\000\040\040\024\000\040\000S\000p\000r\000i\000n\000t\000\040\0003}{section.5.4}% 65
\BOOKMARK [1][-]{section.5.5}{\376\377\000R\000\351\000a\000l\000i\000s\000a\000t\000i\000o\000n\000\040\000e\000t\000\040\000t\000e\000s\000t\000s\000\040}{chapter.5}% 66
\BOOKMARK [2][-]{subsection.5.5.1}{\376\377\000I\000n\000t\000e\000r\000f\000a\000c\000e\000\040\000O\000b\000t\000e\000n\000u\000s\000\040\000e\000t\000\040\000F\000o\000n\000c\000t\000i\000o\000n\000n\000e\000m\000e\000n\000t\000\040\000d\000e\000\040\000l\000'\000a\000p\000p\000l\000i\000c\000a\000t\000i\000o\000n}{section.5.5}% 67
\BOOKMARK [1][-]{section.5.6}{\376\377\000U\000t\000i\000l\000i\000s\000a\000t\000i\000o\000n\000\040\000d\000e\000s\000\040\000o\000u\000t\000i\000l\000s\000\040\000d\000e\000\040\000s\000u\000i\000v\000i\000\040\000d\000e\000\040\000S\000c\000r\000u\000m}{chapter.5}% 68
\BOOKMARK [2][-]{subsection.5.6.1}{\376\377\000S\000c\000r\000u\000m\000B\000o\000a\000r\000d\000\040\000:\000\040\000T\000r\000e\000l\000l\000o}{section.5.6}% 69
\BOOKMARK [0][-]{chapter.6}{\376\377\000\311\000t\000u\000d\000e\000\040\000e\000t\000\040\000r\000\351\000a\000l\000i\000s\000a\000t\000i\000o\000n\000\040\000d\000u\000\040\000S\000p\000r\000i\000n\000t\000\040\0004}{}% 70
\BOOKMARK [0][-]{chapter.6}{\376\377\000C\000h\000a\000p\000i\000t\000r\000e\000\040\0006\000\040\000\311\000t\000u\000d\000e\000\040\000e\000t\000\040\000r\000\351\000a\000l\000i\000s\000a\000t\000i\000o\000n\000\040\000d\000u\000\040\000S\000p\000r\000i\000n\000t\000\040\0004}{}% 71
\BOOKMARK [1][-]{section.6.1}{\376\377\000I\000n\000t\000r\000o\000d\000u\000c\000t\000i\000o\000n}{chapter.6}% 72
\BOOKMARK [1][-]{section.6.2}{\376\377\000S\000p\000r\000i\000n\000t\000\040\000B\000a\000c\000k\000l\000o\000g}{chapter.6}% 73
\BOOKMARK [2][-]{subsection.6.2.1}{\376\377\000P\000l\000a\000n\000i\000f\000i\000c\000a\000t\000i\000o\000n\000\040\000d\000e\000\040\000s\000p\000r\000i\000n\000t\000\040}{section.6.2}% 74
\BOOKMARK [1][-]{section.6.3}{\376\377\000S\000p\000\351\000c\000i\000f\000i\000c\000a\000t\000i\000o\000n\000\040\000d\000e\000s\000\040\000b\000e\000s\000o\000i\000n\000s}{chapter.6}% 75
\BOOKMARK [2][-]{subsection.6.3.1}{\376\377\000D\000i\000a\000g\000r\000a\000m\000m\000e\000\040\000d\000e\000\040\000c\000a\000s\000\040\000d\040\031\000u\000t\000i\000l\000i\000s\000a\000t\000i\000o\000n\000\040}{section.6.3}% 76
\BOOKMARK [2][-]{subsection.6.3.2}{\376\377\000D\000e\000s\000c\000r\000i\000p\000t\000i\000o\000n\000\040\000t\000e\000x\000t\000u\000e\000l\000l\000e\000\040\000d\000e\000s\000\040\000c\000a\000s\000\040\000d\040\031\000u\000t\000i\000l\000i\000s\000a\000t\000i\000o\000n\000s\000\040}{section.6.3}% 77
\BOOKMARK [2][-]{subsection.6.3.3}{\376\377\000M\000a\000q\000u\000e\000t\000t\000e\000s\000\040\000d\000e\000s\000\040\000i\000n\000t\000e\000r\000f\000a\000c\000e\000s}{section.6.3}% 78
\BOOKMARK [1][-]{section.6.4}{\376\377\000C\000o\000n\000c\000e\000p\000t\000i\000o\000n}{chapter.6}% 79
\BOOKMARK [2][-]{subsection.6.4.1}{\376\377\000D\000i\000a\000g\000r\000a\000m\000m\000e\000\040\000d\000e\000\040\000s\000\351\000q\000u\000e\000n\000c\000e\000\040\000d\000u\000\040\000S\000p\000r\000i\000n\000t\000\040\0004}{section.6.4}% 80
\BOOKMARK [2][-]{subsection.6.4.2}{\376\377\000S\000c\000h\000\351\000m\000a\000\040\000d\000e\000\040\000l\000a\000\040\000b\000a\000s\000e\000\040\000d\000e\000\040\000d\000o\000n\000n\000\351\000e\000s\000\040\040\024\000\040\000P\000a\000r\000c\000\040\000d\040\031\000i\000m\000p\000r\000i\000m\000a\000n\000t\000e\000s}{section.6.4}% 81
\BOOKMARK [1][-]{section.6.5}{\376\377\000R\000\351\000a\000l\000i\000s\000a\000t\000i\000o\000n\000\040\000e\000t\000\040\000T\000e\000s\000t\000\040\000d\000e\000\040\000S\000p\000r\000i\000n\000t}{chapter.6}% 82
\BOOKMARK [2][-]{subsection.6.5.1}{\376\377\000I\000n\000t\000e\000r\000f\000a\000c\000e\000s\000\040\000o\000b\000t\000e\000n\000u\000s\000\040\000e\000t\000\040\000f\000o\000n\000c\000t\000i\000o\000n\000n\000e\000m\000e\000n\000t\000\040\000d\000e\000\040\000l\000'\000a\000p\000p\000l\000i\000c\000a\000t\000i\000o\000n}{section.6.5}% 83
\BOOKMARK [2][-]{subsection.6.5.2}{\376\377\000T\000e\000s\000t\000s\000\040\000d\000e\000\040\000S\000p\000r\000i\000n\000t\000\040\0004\000\040\000:\000\040\000G\000e\000s\000t\000i\000o\000n\000\040\000d\000u\000\040\000p\000a\000r\000c\000\040\000d\040\031\000i\000m\000p\000r\000i\000m\000a\000n\000t\000e\000s}{section.6.5}% 84
\BOOKMARK [1][-]{section.6.6}{\376\377\000U\000t\000i\000l\000i\000s\000a\000t\000i\000o\000n\000\040\000d\000e\000s\000\040\000O\000u\000t\000i\000l\000s\000\040\000d\000e\000\040\000s\000u\000i\000v\000i\000\040\000d\000e\000\040\000S\000c\000r\000u\000m}{chapter.6}% 85
\BOOKMARK [2][-]{subsection.6.6.1}{\376\377\000S\000c\000r\000u\000m\000\040\000B\000o\000a\000r\000d}{section.6.6}% 86
\BOOKMARK [2][-]{subsection.6.6.2}{\376\377\000B\000u\000r\000n\000d\000o\000w\000n\000\040\000C\000h\000a\000r\000t\000\040\000d\000u\000\040\000S\000p\000r\000i\000n\000t\000\040\0004}{section.6.6}% 87
\BOOKMARK [1][-]{section.6.7}{\376\377\000C\000o\000n\000c\000l\000u\000s\000i\000o\000n}{chapter.6}% 88
\BOOKMARK [0][-]{chapter.7}{\376\377\000\311\000t\000u\000d\000e\000\040\000e\000t\000\040\000r\000\351\000a\000l\000i\000s\000a\000t\000i\000o\000n\000\040\000d\000u\000\040\000S\000p\000r\000i\000n\000t\000\040\0005}{}% 89
\BOOKMARK [0][-]{chapter.7}{\376\377\000C\000h\000a\000p\000i\000t\000r\000e\000\040\0007\000\040\000\311\000t\000u\000d\000e\000\040\000e\000t\000\040\000r\000\351\000a\000l\000i\000s\000a\000t\000i\000o\000n\000\040\000d\000u\000\040\000S\000p\000r\000i\000n\000t\000\040\0005}{}% 90
\BOOKMARK [1][-]{Item.182}{\376\377\000I\000n\000t\000r\000o\000d\000u\000c\000t\000i\000o\000n}{chapter.7}% 91
\BOOKMARK [1][-]{table.caption.95}{\376\377\000C\000o\000n\000c\000l\000u\000s\000i\000o\000n\000\040\000d\000u\000\040\000c\000h\000o\000i\000x\000\040\000m\000\351\000t\000h\000o\000d\000o\000l\000o\000g\000i\000q\000u\000e}{chapter.7}% 92
